 S 7ff00038c,4 
 L 7ff000388,4 
 L 7ff000370,8 
 L 7ff000384,4 
 L 7ff00038c,4 
 S 00600a80,4  
 M 7ff000388,4  
 L 7ff000388,4 
 L 7ff000384,4 
 L 7ff000378,8 
 L 7ff000388,4 
 L 00600a2c,4 
 S 7ff00038c,4 
 L 7ff000388,4 
 L 7ff000370,8 
 L 7ff000384,4 
 L 7ff00038c,4 
 S 00600a90,4  
 M 7ff000388,4  
 L 7ff000388,4 
 M 7ff000384,4  
 L 7ff000384,4 
 S 7ff000388,4 
 L 7ff000388,4 
 L 7ff000384,4 
 L 7ff000378,8 
 L 7ff000388,4 
 L 00600a30,4  
 S 7ff00038c,4 
 L 7ff000388,4 
 L 7ff000370,8 
 L 7ff000384,4 
 L 7ff00038c,4 
 S 00600a64,4  
 M 7ff000388,4  
 L 7ff000388,4 
 L 7ff000384,4 
 L 7ff000378,8 
 L 7ff000388,4 
 L 00600a34,4 
 S 7ff00038c,4 
 L 7ff000388,4 
 L 7ff000370,8 
 L 7ff000384,4 
 L 7ff00038c,4 
 S 00600a74,4  
 M 7ff000388,4  
 L 7ff000388,4 
 L 7ff000384,4 
 L 7ff000378,8 
 L 7ff000388,4 